<?xml version="1.0" encoding="UTF-8"?>
<testng-results ignored="0" total="7" passed="6" failed="1" skipped="0">
  <reporter-output>
  </reporter-output>
  <suite started-at="2023-07-25T18:04:43 IST" name="AccountInformation" finished-at="2023-07-25T18:09:32 IST" duration-ms="288651">
    <groups>
      <group name="cucumber">
        <method signature="AbstractTestNGCucumberTests.runScenario(io.cucumber.testng.PickleWrapper,io.cucumber.testng.FeatureWrapper)[pri:0, instance:com.runner.AIRunner1@4d154ccd]" name="runScenario" class="io.cucumber.testng.AbstractTestNGCucumberTests"/>
        <method signature="AbstractTestNGCucumberTests.runScenario(io.cucumber.testng.PickleWrapper,io.cucumber.testng.FeatureWrapper)[pri:0, instance:com.runner.AIRunner2@41a0aa7d]" name="runScenario" class="io.cucumber.testng.AbstractTestNGCucumberTests"/>
      </group> <!-- cucumber -->
    </groups>
    <test started-at="2023-07-25T18:04:43 IST" name="Testing 3.o" finished-at="2023-07-25T18:09:32 IST" duration-ms="288651">
      <class name="com.runner.AIRunner2">
        <test-method is-config="true" signature="setUpClass(org.testng.ITestContext)[pri:0, instance:com.runner.AIRunner2@41a0aa7d]" started-at="2023-07-25T18:07:06 IST" name="setUpClass" finished-at="2023-07-25T18:07:06 IST" duration-ms="101" status="PASS">
          <params>
            <param index="0">
              <value>
                <![CDATA[org.testng.TestRunner@32091c14]]>
              </value>
            </param>
          </params>
          <reporter-output>
          </reporter-output>
        </test-method> <!-- setUpClass -->
        <test-method signature="runScenario(io.cucumber.testng.PickleWrapper,io.cucumber.testng.FeatureWrapper)[pri:0, instance:com.runner.AIRunner2@41a0aa7d]" started-at="2023-07-25T18:07:06 IST" name="runScenario" description="Runs Cucumber Scenarios" data-provider="scenarios" finished-at="2023-07-25T18:07:42 IST" duration-ms="36323" status="FAIL">
          <params>
            <param index="0">
              <value>
                <![CDATA["Search payments"]]>
              </value>
            </param>
            <param index="1">
              <value>
                <![CDATA["Optional[AccountInformation2]"]]>
              </value>
            </param>
          </params>
          <exception class="org.openqa.selenium.JavascriptException">
            <message>
              <![CDATA[javascript error: Window.scrollBy is not a function
  (Session info: chrome=114.0.5735.248)
Build info: version: '3.141.59', revision: 'e82be7d358', time: '2018-11-14T08:17:03'
System info: host: 'TMZ-DPC-2209', ip: '10.192.198.122', os.name: 'Windows 10', os.arch: 'amd64', os.version: '10.0', java.version: '17.0.7'
Driver info: org.openqa.selenium.chrome.ChromeDriver
Capabilities {acceptInsecureCerts: false, browserName: chrome, browserVersion: 114.0.5735.248, chrome: {chromedriverVersion: 114.0.5735.90 (386bc09e8f4f..., userDataDir: C:\Users\MSUNDA~1\AppData\L...}, goog:chromeOptions: {debuggerAddress: localhost:52476}, javascriptEnabled: true, networkConnectionEnabled: false, pageLoadStrategy: normal, platform: WINDOWS, platformName: WINDOWS, proxy: Proxy(), setWindowRect: true, strictFileInteractability: false, timeouts: {implicit: 0, pageLoad: 300000, script: 30000}, unhandledPromptBehavior: dismiss and notify, webauthn:extension:credBlob: true, webauthn:extension:largeBlob: true, webauthn:extension:minPinLength: true, webauthn:extension:prf: true, webauthn:virtualAuthenticators: true}
Session ID: 1377049454a8bb5a57c4cc3275395b19]]>
            </message>
            <full-stacktrace>
              <![CDATA[org.openqa.selenium.JavascriptException: javascript error: Window.scrollBy is not a function
  (Session info: chrome=114.0.5735.248)
Build info: version: '3.141.59', revision: 'e82be7d358', time: '2018-11-14T08:17:03'
System info: host: 'TMZ-DPC-2209', ip: '10.192.198.122', os.name: 'Windows 10', os.arch: 'amd64', os.version: '10.0', java.version: '17.0.7'
Driver info: org.openqa.selenium.chrome.ChromeDriver
Capabilities {acceptInsecureCerts: false, browserName: chrome, browserVersion: 114.0.5735.248, chrome: {chromedriverVersion: 114.0.5735.90 (386bc09e8f4f..., userDataDir: C:\Users\MSUNDA~1\AppData\L...}, goog:chromeOptions: {debuggerAddress: localhost:52476}, javascriptEnabled: true, networkConnectionEnabled: false, pageLoadStrategy: normal, platform: WINDOWS, platformName: WINDOWS, proxy: Proxy(), setWindowRect: true, strictFileInteractability: false, timeouts: {implicit: 0, pageLoad: 300000, script: 30000}, unhandledPromptBehavior: dismiss and notify, webauthn:extension:credBlob: true, webauthn:extension:largeBlob: true, webauthn:extension:minPinLength: true, webauthn:extension:prf: true, webauthn:virtualAuthenticators: true}
Session ID: 1377049454a8bb5a57c4cc3275395b19
at java.base/jdk.internal.reflect.NativeConstructorAccessorImpl.newInstance0(Native Method)
at java.base/jdk.internal.reflect.NativeConstructorAccessorImpl.newInstance(NativeConstructorAccessorImpl.java:77)
at java.base/jdk.internal.reflect.DelegatingConstructorAccessorImpl.newInstance(DelegatingConstructorAccessorImpl.java:45)
at java.base/java.lang.reflect.Constructor.newInstanceWithCaller(Constructor.java:499)
at java.base/java.lang.reflect.Constructor.newInstance(Constructor.java:480)
at org.openqa.selenium.remote.http.W3CHttpResponseCodec.createException(W3CHttpResponseCodec.java:185)
at org.openqa.selenium.remote.http.W3CHttpResponseCodec.decode(W3CHttpResponseCodec.java:120)
at org.openqa.selenium.remote.http.W3CHttpResponseCodec.decode(W3CHttpResponseCodec.java:49)
at org.openqa.selenium.remote.HttpCommandExecutor.execute(HttpCommandExecutor.java:164)
at org.openqa.selenium.remote.service.DriverCommandExecutor.execute(DriverCommandExecutor.java:83)
at org.openqa.selenium.remote.RemoteWebDriver.execute(RemoteWebDriver.java:586)
at org.openqa.selenium.remote.RemoteWebDriver.executeScript(RemoteWebDriver.java:522)
at com.stepdefinition.AccountInformation2.click_the_peroid_menu_and_select_any_one_option(AccountInformation2.java:70)
at ✽.Click the peroid menu and select any one option(file:///C:/Users/msundarraj/eclipse-workspace/Team_Decepticons/Team_Decepticons/src/test/resources/Feature%20Files/Account%20information/AccountInformation2.feature:8)
]]>
            </full-stacktrace>
          </exception> <!-- org.openqa.selenium.JavascriptException -->
          <reporter-output>
          </reporter-output>
        </test-method> <!-- runScenario -->
        <test-method signature="runScenario(io.cucumber.testng.PickleWrapper,io.cucumber.testng.FeatureWrapper)[pri:0, instance:com.runner.AIRunner2@41a0aa7d]" started-at="2023-07-25T18:07:42 IST" name="runScenario" description="Runs Cucumber Scenarios" data-provider="scenarios" finished-at="2023-07-25T18:08:34 IST" duration-ms="51362" status="PASS">
          <params>
            <param index="0">
              <value>
                <![CDATA["View payment details"]]>
              </value>
            </param>
            <param index="1">
              <value>
                <![CDATA["Optional[AccountInformation2]"]]>
              </value>
            </param>
          </params>
          <reporter-output>
          </reporter-output>
        </test-method> <!-- runScenario -->
        <test-method signature="runScenario(io.cucumber.testng.PickleWrapper,io.cucumber.testng.FeatureWrapper)[pri:0, instance:com.runner.AIRunner2@41a0aa7d]" started-at="2023-07-25T18:08:34 IST" name="runScenario" description="Runs Cucumber Scenarios" data-provider="scenarios" finished-at="2023-07-25T18:09:31 IST" duration-ms="57667" status="PASS">
          <params>
            <param index="0">
              <value>
                <![CDATA["Print payment details"]]>
              </value>
            </param>
            <param index="1">
              <value>
                <![CDATA["Optional[AccountInformation2]"]]>
              </value>
            </param>
          </params>
          <reporter-output>
          </reporter-output>
        </test-method> <!-- runScenario -->
        <test-method is-config="true" signature="tearDownClass()[pri:0, instance:com.runner.AIRunner2@41a0aa7d]" started-at="2023-07-25T18:09:31 IST" name="tearDownClass" finished-at="2023-07-25T18:09:32 IST" duration-ms="17" status="PASS">
          <reporter-output>
          </reporter-output>
        </test-method> <!-- tearDownClass -->
      </class> <!-- com.runner.AIRunner2 -->
      <class name="com.runner.AIRunner1">
        <test-method is-config="true" signature="setUpClass(org.testng.ITestContext)[pri:0, instance:com.runner.AIRunner1@4d154ccd]" started-at="2023-07-25T18:04:43 IST" name="setUpClass" finished-at="2023-07-25T18:04:43 IST" duration-ms="542" status="PASS">
          <params>
            <param index="0">
              <value>
                <![CDATA[org.testng.TestRunner@32091c14]]>
              </value>
            </param>
          </params>
          <reporter-output>
          </reporter-output>
        </test-method> <!-- setUpClass -->
        <test-method signature="runScenario(io.cucumber.testng.PickleWrapper,io.cucumber.testng.FeatureWrapper)[pri:0, instance:com.runner.AIRunner1@4d154ccd]" started-at="2023-07-25T18:04:43 IST" name="runScenario" description="Runs Cucumber Scenarios" data-provider="scenarios" finished-at="2023-07-25T18:05:35 IST" duration-ms="51907" status="PASS">
          <params>
            <param index="0">
              <value>
                <![CDATA["user should login with valid account and view Account Summary"]]>
              </value>
            </param>
            <param index="1">
              <value>
                <![CDATA["Optional[AccountInformation1]"]]>
              </value>
            </param>
          </params>
          <reporter-output>
          </reporter-output>
        </test-method> <!-- runScenario -->
        <test-method signature="runScenario(io.cucumber.testng.PickleWrapper,io.cucumber.testng.FeatureWrapper)[pri:0, instance:com.runner.AIRunner1@4d154ccd]" started-at="2023-07-25T18:05:35 IST" name="runScenario" description="Runs Cucumber Scenarios" data-provider="scenarios" finished-at="2023-07-25T18:06:07 IST" duration-ms="32043" status="PASS">
          <params>
            <param index="0">
              <value>
                <![CDATA["View current balance"]]>
              </value>
            </param>
            <param index="1">
              <value>
                <![CDATA["Optional[AccountInformation1]"]]>
              </value>
            </param>
          </params>
          <reporter-output>
          </reporter-output>
        </test-method> <!-- runScenario -->
        <test-method signature="runScenario(io.cucumber.testng.PickleWrapper,io.cucumber.testng.FeatureWrapper)[pri:0, instance:com.runner.AIRunner1@4d154ccd]" started-at="2023-07-25T18:06:07 IST" name="runScenario" description="Runs Cucumber Scenarios" data-provider="scenarios" finished-at="2023-07-25T18:06:34 IST" duration-ms="26512" status="PASS">
          <params>
            <param index="0">
              <value>
                <![CDATA["user should login with valid account and view payment history"]]>
              </value>
            </param>
            <param index="1">
              <value>
                <![CDATA["Optional[AccountInformation1]"]]>
              </value>
            </param>
          </params>
          <reporter-output>
          </reporter-output>
        </test-method> <!-- runScenario -->
        <test-method signature="runScenario(io.cucumber.testng.PickleWrapper,io.cucumber.testng.FeatureWrapper)[pri:0, instance:com.runner.AIRunner1@4d154ccd]" started-at="2023-07-25T18:06:34 IST" name="runScenario" description="Runs Cucumber Scenarios" data-provider="scenarios" finished-at="2023-07-25T18:07:04 IST" duration-ms="30305" status="PASS">
          <params>
            <param index="0">
              <value>
                <![CDATA["Print and export payment"]]>
              </value>
            </param>
            <param index="1">
              <value>
                <![CDATA["Optional[AccountInformation1]"]]>
              </value>
            </param>
          </params>
          <reporter-output>
          </reporter-output>
        </test-method> <!-- runScenario -->
        <test-method is-config="true" signature="tearDownClass()[pri:0, instance:com.runner.AIRunner1@4d154ccd]" started-at="2023-07-25T18:07:04 IST" name="tearDownClass" finished-at="2023-07-25T18:07:06 IST" duration-ms="1825" status="PASS">
          <reporter-output>
          </reporter-output>
        </test-method> <!-- tearDownClass -->
      </class> <!-- com.runner.AIRunner1 -->
    </test> <!-- Testing 3.o -->
  </suite> <!-- AccountInformation -->
</testng-results>
